[    0.000000] Linux version 4.15.0-212-generic (buildd@lcy02-amd64-083) (gcc version 7.5.0 (Ubuntu 7.5.0-3ubuntu1~18.04)) #223-Ubuntu SMP Tue May 23 13:09:22 UTC 2023 (Ubuntu 4.15.0-212.223-generic 4.15.18)
[    0.000000] Command line: BOOT_IMAGE=/boot/vmlinuz-4.15.0-212-generic root=LABEL=cloudimg-rootfs ro console=tty1 console=ttyS0
[    0.000000] KERNEL supported cpus:
[    0.000000]   Intel GenuineIntel
[    0.000000]   AMD AuthenticAMD
[    0.000000]   Centaur CentaurHauls
[    0.000000] [Firmware Bug]: TSC doesn't count with P0 frequency!
[    0.000000] x86/fpu: x87 FPU will use FXSAVE
[    0.000000] e820: BIOS-provided physical RAM map:
[    0.000000] BIOS-e820: [mem 0x0000000000000000-0x000000000009fbff] usable
[    0.000000] BIOS-e820: [mem 0x000000000009fc00-0x000000000009ffff] reserved
[    0.000000] BIOS-e820: [mem 0x00000000000f0000-0x00000000000fffff] reserved
[    0.000000] BIOS-e820: [mem 0x0000000000100000-0x000000003ffeffff] usable
[    0.000000] BIOS-e820: [mem 0x000000003fff0000-0x000000003fffffff] ACPI data
[    0.000000] BIOS-e820: [mem 0x00000000fec00000-0x00000000fec00fff] reserved
[    0.000000] BIOS-e820: [mem 0x00000000fee00000-0x00000000fee00fff] reserved
[    0.000000] BIOS-e820: [mem 0x00000000fffc0000-0x00000000ffffffff] reserved
[    0.000000] NX (Execute Disable) protection: active
[    0.000000] SMBIOS 2.5 present.
[    0.000000] DMI: innotek GmbH VirtualBox/VirtualBox, BIOS VirtualBox 12/01/2006
[    0.000000] Hypervisor detected: KVM
[    0.000000] e820: last_pfn = 0x3fff0 max_arch_pfn = 0x400000000
[    0.000000] x86/PAT: Configuration [0-7]: WB  WC  UC- UC  WB  WP  UC- WT  
[    0.000000] CPU MTRRs all blank - virtualized system.
[    0.000000] found SMP MP-table at [mem 0x0009fbf0-0x0009fbff]
[    0.000000] Scanning 1 areas for low memory corruption
[    0.000000] RAMDISK: [mem 0x359cb000-0x36cdcfff]
[    0.000000] ACPI: Early table checksum verification disabled
[    0.000000] ACPI: RSDP 0x00000000000E0000 000024 (v02 VBOX  )
[    0.000000] ACPI: XSDT 0x000000003FFF0030 00003C (v01 VBOX   VBOXXSDT 00000001 ASL  00000061)
[    0.000000] ACPI: FACP 0x000000003FFF00F0 0000F4 (v04 VBOX   VBOXFACP 00000001 ASL  00000061)
[    0.000000] ACPI: DSDT 0x000000003FFF0610 002353 (v02 VBOX   VBOXBIOS 00000002 INTL 20100528)
[    0.000000] ACPI: FACS 0x000000003FFF0200 000040
[    0.000000] ACPI: FACS 0x000000003FFF0200 000040
[    0.000000] ACPI: APIC 0x000000003FFF0240 00005C (v02 VBOX   VBOXAPIC 00000001 ASL  00000061)
[    0.000000] ACPI: SSDT 0x000000003FFF02A0 00036C (v01 VBOX   VBOXCPUT 00000002 INTL 20100528)
[    0.000000] ACPI: Reserving FACP table memory at [mem 0x3fff00f0-0x3fff01e3]
[    0.000000] ACPI: Reserving DSDT table memory at [mem 0x3fff0610-0x3fff2962]
[    0.000000] ACPI: Reserving FACS table memory at [mem 0x3fff0200-0x3fff023f]
[    0.000000] ACPI: Reserving FACS table memory at [mem 0x3fff0200-0x3fff023f]
[    0.000000] ACPI: Reserving APIC table memory at [mem 0x3fff0240-0x3fff029b]
[    0.000000] ACPI: Reserving SSDT table memory at [mem 0x3fff02a0-0x3fff060b]
[    0.000000] No NUMA configuration found
[    0.000000] Faking a node at [mem 0x0000000000000000-0x000000003ffeffff]
[    0.000000] NODE_DATA(0) allocated [mem 0x3ffc5000-0x3ffeffff]
[    0.000000] kvm-clock: cpu 0, msr 0:3ff44001, primary cpu clock
[    0.000000] kvm-clock: Using msrs 4b564d01 and 4b564d00
[    0.000000] kvm-clock: using sched offset of 3974864786 cycles
[    0.000000] clocksource: kvm-clock: mask: 0xffffffffffffffff max_cycles: 0x1cd42e4dffb, max_idle_ns: 881590591483 ns
[    0.000000] Zone ranges:
[    0.000000]   DMA      [mem 0x0000000000001000-0x0000000000ffffff]
[    0.000000]   DMA32    [mem 0x0000000001000000-0x000000003ffeffff]
[    0.000000]   Normal   empty
[    0.000000]   Device   empty
[    0.000000] Movable zone start for each node
[    0.000000] Early memory node ranges
[    0.000000]   node   0: [mem 0x0000000000001000-0x000000000009efff]
[    0.000000]   node   0: [mem 0x0000000000100000-0x000000003ffeffff]
[    0.000000] Reserved but unavailable: 104 pages
[    0.000000] Initmem setup node 0 [mem 0x0000000000001000-0x000000003ffeffff]
[    0.000000] ACPI: PM-Timer IO Port: 0x4008
[    0.000000] IOAPIC[0]: apic_id 2, version 32, address 0xfec00000, GSI 0-23
[    0.000000] ACPI: INT_SRC_OVR (bus 0 bus_irq 0 global_irq 2 dfl dfl)
[    0.000000] ACPI: INT_SRC_OVR (bus 0 bus_irq 9 global_irq 9 low level)
[    0.000000] Using ACPI (MADT) for SMP configuration information
[    0.000000] smpboot: Allowing 2 CPUs, 0 hotplug CPUs
[    0.000000] PM: Registered nosave memory: [mem 0x00000000-0x00000fff]
[    0.000000] PM: Registered nosave memory: [mem 0x0009f000-0x0009ffff]
[    0.000000] PM: Registered nosave memory: [mem 0x000a0000-0x000effff]
[    0.000000] PM: Registered nosave memory: [mem 0x000f0000-0x000fffff]
[    0.000000] e820: [mem 0x40000000-0xfebfffff] available for PCI devices
[    0.000000] Booting paravirtualized kernel on KVM
[    0.000000] clocksource: refined-jiffies: mask: 0xffffffff max_cycles: 0xffffffff, max_idle_ns: 7645519600211568 ns
[    0.000000] setup_percpu: NR_CPUS:8192 nr_cpumask_bits:2 nr_cpu_ids:2 nr_node_ids:1
[    0.000000] percpu: Embedded 50 pages/cpu s167936 r8192 d28672 u1048576
[    0.000000] PV qspinlock hash table entries: 256 (order: 0, 4096 bytes)
[    0.000000] Built 1 zonelists, mobility grouping on.  Total pages: 257913
[    0.000000] Policy zone: DMA32
[    0.000000] Kernel command line: BOOT_IMAGE=/boot/vmlinuz-4.15.0-212-generic root=LABEL=cloudimg-rootfs ro console=tty1 console=ttyS0
[    0.000000] Memory: 982644K/1048120K available (12300K kernel code, 2477K rwdata, 4324K rodata, 2480K init, 2720K bss, 65476K reserved, 0K cma-reserved)
[    0.000000] SLUB: HWalign=64, Order=0-3, MinObjects=0, CPUs=2, Nodes=1
[    0.000000] ftrace: allocating 39508 entries in 155 pages
[    0.004000] Hierarchical RCU implementation.
[    0.004000] 	RCU restricting CPUs from NR_CPUS=8192 to nr_cpu_ids=2.
[    0.004000] 	Tasks RCU enabled.
[    0.004000] RCU: Adjusting geometry for rcu_fanout_leaf=16, nr_cpu_ids=2
[    0.004000] NR_IRQS: 524544, nr_irqs: 440, preallocated irqs: 16
[    0.004000] random: crng init done
[    0.004000] Console: colour VGA+ 80x25
[    0.004000] console [tty1] enabled
[    0.004000] console [ttyS0] enabled
[    0.004000] ACPI: Core revision 20170831
[    0.004000] ACPI: 2 ACPI AML tables successfully acquired and loaded
[    0.004000] APIC: Switch to symmetric I/O mode setup
[    0.004000] ..TIMER: vector=0x30 apic1=0 pin1=2 apic2=-1 pin2=-1
[    0.004012] tsc: Detected 3293.844 MHz processor
[    0.008009] Calibrating delay loop (skipped) preset value.. 6587.68 BogoMIPS (lpj=13175376)
[    0.012003] pid_max: default: 32768 minimum: 301
[    0.016110] Security Framework initialized
[    0.020003] Yama: becoming mindful.
[    0.024114] AppArmor: AppArmor initialized
[    0.033195] Dentry cache hash table entries: 131072 (order: 8, 1048576 bytes)
[    0.038718] Inode-cache hash table entries: 65536 (order: 7, 524288 bytes)
[    0.040100] Mount-cache hash table entries: 2048 (order: 2, 16384 bytes)
[    0.044111] Mountpoint-cache hash table entries: 2048 (order: 2, 16384 bytes)
[    0.052099] Last level iTLB entries: 4KB 512, 2MB 512, 4MB 256
[    0.056003] Last level dTLB entries: 4KB 3072, 2MB 3072, 4MB 1536, 1GB 0
[    0.060002] Spectre V1 : Mitigation: usercopy/swapgs barriers and __user pointer sanitization
[    0.064004] Spectre V2 : Mitigation: Retpolines
[    0.068002] Spectre V2 : Spectre v2 / SpectreRSB mitigation: Filling RSB on context switch
[    0.072001] Spectre V2 : Spectre v2 / SpectreRSB : Filling RSB on VMEXIT
[    0.076209] Freeing SMP alternatives memory: 36K
[    0.192541] smpboot: CPU0: AMD Ryzen 7 PRO 7840U w/ Radeon 780M Graphics (family: 0x19, model: 0x74, stepping: 0x1)
[    0.196677] Performance Events: PMU not available due to virtualization, using software events only.
[    0.200155] Hierarchical SRCU implementation.
[    0.209175] NMI watchdog: Perf event create on CPU 0 failed with -2
[    0.212002] NMI watchdog: Perf NMI watchdog permanently disabled
[    0.216501] smp: Bringing up secondary CPUs ...
[    0.221350] x86: Booting SMP configuration:
[    0.224002] .... node  #0, CPUs:      #1
[    0.004000] kvm-clock: cpu 1, msr 0:3ff44041, secondary cpu clock
[    0.238995] TSC synchronization [CPU#0 -> CPU#1]:
[    0.240000] Measured 61460 cycles TSC warp between CPUs, turning off TSC clock.
[    0.240000] tsc: Marking TSC unstable due to check_tsc_sync_source failed
[    0.244328] smp: Brought up 1 node, 2 CPUs
[    0.248005] smpboot: Max logical packages: 1
[    0.252004] smpboot: Total of 2 processors activated (13175.37 BogoMIPS)
[    0.260300] devtmpfs: initialized
[    0.264607] x86/mm: Memory block size: 128MB
[    0.272519] evm: security.selinux
[    0.276002] evm: security.SMACK64
[    0.284002] evm: security.SMACK64EXEC
[    0.288003] evm: security.SMACK64TRANSMUTE
[    0.296003] evm: security.SMACK64MMAP
[    0.300002] evm: security.apparmor
[    0.304003] evm: security.ima
[    0.308002] evm: security.capability
[    0.316570] clocksource: jiffies: mask: 0xffffffff max_cycles: 0xffffffff, max_idle_ns: 7645041785100000 ns
[    0.320137] futex hash table entries: 512 (order: 3, 32768 bytes)
[    0.324273] pinctrl core: initialized pinctrl subsystem
[    0.332003] RTC time: 14:53:49, date: 03/24/25
[    0.337317] NET: Registered protocol family 16
[    0.340172] audit: initializing netlink subsys (disabled)
[    0.344278] audit: type=2000 audit(1742828033.933:1): state=initialized audit_enabled=0 res=1
[    0.348130] cpuidle: using governor ladder
[    0.352228] cpuidle: using governor menu
[    0.364787] ACPI: bus type PCI registered
[    0.372004] acpiphp: ACPI Hot Plug PCI Controller Driver version: 0.5
[    0.380721] PCI: Using configuration type 1 for base access
[    0.388003] PCI: Using configuration type 1 for extended access
[    0.400502] HugeTLB registered 2.00 MiB page size, pre-allocated 0 pages
[    0.416527] ACPI: Added _OSI(Module Device)
[    0.424003] ACPI: Added _OSI(Processor Device)
[    0.432003] ACPI: Added _OSI(3.0 _SCP Extensions)
[    0.436003] ACPI: Added _OSI(Processor Aggregator Device)
[    0.444005] ACPI: Added _OSI(Linux-Dell-Video)
[    0.452006] ACPI: Added _OSI(Linux-Lenovo-NV-HDMI-Audio)
[    0.456003] ACPI: Added _OSI(Linux-HPI-Hybrid-Graphics)
[    0.465082] ACPI: Executed 1 blocks of module-level executable AML code
[    0.478914] ACPI: Interpreter enabled
[    0.484048] ACPI: (supports S0 S5)
[    0.488007] ACPI: Using IOAPIC for interrupt routing
[    0.492561] PCI: Using host bridge windows from ACPI; if necessary, use "pci=nocrs" and report a bug
[    0.504333] ACPI: Enabled 2 GPEs in block 00 to 07
[    0.526028] ACPI: PCI Root Bridge [PCI0] (domain 0000 [bus 00-ff])
[    0.532013] acpi PNP0A03:00: _OSC: OS supports [ExtendedConfig ASPM ClockPM Segments MSI]
[    0.542203] acpi PNP0A03:00: _OSC: platform does not support [PCIeCapability]
[    0.552910] acpi PNP0A03:00: _OSC: not requesting control; platform does not support [PCIeCapability]
[    0.564004] acpi PNP0A03:00: _OSC: OS requested [PCIeHotplug PME AER PCIeCapability]
[    0.572004] acpi PNP0A03:00: _OSC: platform willing to grant [PCIeHotplug PME AER]
[    0.580004] acpi PNP0A03:00: _OSC failed (AE_SUPPORT); disabling ASPM
[    0.588959] PCI host bridge to bus 0000:00
[    0.592004] pci_bus 0000:00: root bus resource [io  0x0000-0x0cf7 window]
[    0.600002] pci_bus 0000:00: root bus resource [io  0x0d00-0xffff window]
[    0.608006] pci_bus 0000:00: root bus resource [mem 0x000a0000-0x000bffff window]
[    0.616004] pci_bus 0000:00: root bus resource [mem 0x40000000-0xfdffffff window]
[    0.624004] pci_bus 0000:00: root bus resource [bus 00-ff]
[    0.640699] pci 0000:00:01.1: legacy IDE quirk: reg 0x10: [io  0x01f0-0x01f7]
[    0.648006] pci 0000:00:01.1: legacy IDE quirk: reg 0x14: [io  0x03f6]
[    0.656005] pci 0000:00:01.1: legacy IDE quirk: reg 0x18: [io  0x0170-0x0177]
[    0.664002] pci 0000:00:01.1: legacy IDE quirk: reg 0x1c: [io  0x0376]
[    0.695121] pci 0000:00:07.0: quirk: [io  0x4000-0x403f] claimed by PIIX4 ACPI
[    0.700045] pci 0000:00:07.0: quirk: [io  0x4100-0x410f] claimed by PIIX4 SMB
[    0.719889] ACPI: PCI Interrupt Link [LNKA] (IRQs 5 9 10 *11)
[    0.728417] ACPI: PCI Interrupt Link [LNKB] (IRQs 5 9 *10 11)
[    0.732298] ACPI: PCI Interrupt Link [LNKC] (IRQs 5 *9 10 11)
[    0.740286] ACPI: PCI Interrupt Link [LNKD] (IRQs 5 9 10 *11)
[    0.744579] SCSI subsystem initialized
[    0.752261] pci 0000:00:02.0: vgaarb: setting as boot VGA device
[    0.756000] pci 0000:00:02.0: vgaarb: VGA device added: decodes=io+mem,owns=io+mem,locks=none
[    0.768005] pci 0000:00:02.0: vgaarb: bridge control possible
[    0.776002] vgaarb: loaded
[    0.779220] ACPI: bus type USB registered
[    0.780101] usbcore: registered new interface driver usbfs
[    0.788051] usbcore: registered new interface driver hub
[    0.796012] usbcore: registered new device driver usb
[    0.800278] EDAC MC: Ver: 3.0.0
[    0.808228] PCI: Using ACPI for IRQ routing
[    0.812958] NetLabel: Initializing
[    0.816002] NetLabel:  domain hash size = 128
[    0.820002] NetLabel:  protocols = UNLABELED CIPSOv4 CALIPSO
[    0.824014] NetLabel:  unlabeled traffic allowed by default
[    0.832489] clocksource: Switched to clocksource kvm-clock
[    0.892119] VFS: Disk quotas dquot_6.6.0
[    0.900206] VFS: Dquot-cache hash table entries: 512 (order 0, 4096 bytes)
[    0.908836] AppArmor: AppArmor Filesystem Enabled
[    0.913790] pnp: PnP ACPI init
[    0.920313] pnp: PnP ACPI: found 3 devices
[    0.971618] clocksource: acpi_pm: mask: 0xffffff max_cycles: 0xffffff, max_idle_ns: 2085701024 ns
[    0.981531] NET: Registered protocol family 2
[    0.987029] IP idents hash table entries: 16384 (order: 5, 131072 bytes)
[    0.995060] TCP established hash table entries: 8192 (order: 4, 65536 bytes)
[    1.002636] TCP bind hash table entries: 8192 (order: 5, 131072 bytes)
[    1.010569] TCP: Hash tables configured (established 8192 bind 8192)
[    1.019902] UDP hash table entries: 512 (order: 2, 16384 bytes)
[    1.026475] UDP-Lite hash table entries: 512 (order: 2, 16384 bytes)
[    1.033687] NET: Registered protocol family 1
[    1.038654] pci 0000:00:00.0: Limiting direct PCI/PCI transfers
[    1.045330] pci 0000:00:01.0: Activating ISA DMA hang workarounds
[    1.051532] pci 0000:00:02.0: Video device with shadowed ROM at [mem 0x000c0000-0x000dffff]
[    1.061012] Unpacking initramfs...
[    1.314694] Freeing initrd memory: 19528K
[    1.615877] clocksource: tsc: mask: 0xffffffffffffffff max_cycles: 0x2f7a94e9cb8, max_idle_ns: 440795337031 ns
[    1.625962] platform rtc_cmos: registered platform RTC device (no PNP device found)
[    1.634645] Scanning for low memory corruption every 60 seconds
[    1.643821] Initialise system trusted keyrings
[    1.647964] Key type blacklist registered
[    1.653997] workingset: timestamp_bits=36 max_order=18 bucket_order=0
[    1.664544] zbud: loaded
[    1.669431] squashfs: version 4.0 (2009/01/31) Phillip Lougher
[    1.677911] fuse init (API version 7.26)
[    1.719186] Key type asymmetric registered
[    1.723713] Asymmetric key parser 'x509' registered
[    1.728602] Block layer SCSI generic (bsg) driver version 0.4 loaded (major 246)
[    1.736112] io scheduler noop registered
[    1.740350] io scheduler deadline registered
[    1.744881] io scheduler cfq registered (default)
[    1.750829] ACPI: AC Adapter [AC] (on-line)
[    1.755353] input: Power Button as /devices/LNXSYSTM:00/LNXPWRBN:00/input/input0
[    1.763494] ACPI: Power Button [PWRF]
[    1.768121] input: Sleep Button as /devices/LNXSYSTM:00/LNXSLPBN:00/input/input1
[    1.776214] ACPI: Sleep Button [SLPF]
[    1.783059] ACPI: Battery Slot [BAT0] (battery present)
[    1.788944] Serial: 8250/16550 driver, 32 ports, IRQ sharing enabled
[    1.828143] 00:02: ttyS0 at I/O 0x3f8 (irq = 4, base_baud = 115200) is a 16550A
[    1.858111] Linux agpgart interface v0.103
[    1.875929] loop: module loaded
[    1.883722] scsi host0: ata_piix
[    1.888767] scsi host1: ata_piix
[    1.893571] ata1: PATA max UDMA/33 cmd 0x1f0 ctl 0x3f6 bmdma 0xd000 irq 14
[    1.901699] ata2: PATA max UDMA/33 cmd 0x170 ctl 0x376 bmdma 0xd008 irq 15
[    1.910820] tun: Universal TUN/TAP device driver, 1.6
[    1.918519] PPP generic driver version 2.4.2
[    1.924876] ehci_hcd: USB 2.0 'Enhanced' Host Controller (EHCI) Driver
[    1.932634] ehci-pci: EHCI PCI platform driver
[    1.938002] ehci-platform: EHCI generic platform driver
[    1.944101] ohci_hcd: USB 1.1 'Open' Host Controller (OHCI) Driver
[    1.950025] ohci-pci: OHCI PCI platform driver
[    1.954784] ohci-platform: OHCI generic platform driver
[    1.961100] uhci_hcd: USB Universal Host Controller Interface driver
[    1.968011] i8042: PNP: PS/2 Controller [PNP0303:PS2K,PNP0f03:PS2M] at 0x60,0x64 irq 1,12
[    1.980364] serio: i8042 KBD port at 0x60,0x64 irq 1
[    1.985741] serio: i8042 AUX port at 0x60,0x64 irq 12
[    1.992385] mousedev: PS/2 mouse device common for all mice
[    2.002661] rtc_cmos rtc_cmos: rtc core: registered rtc_cmos as rtc0
[    2.002824] input: AT Translated Set 2 keyboard as /devices/platform/i8042/serio0/input/input2
[    2.011668] rtc_cmos rtc_cmos: alarms up to one day, 114 bytes nvram
[    2.028084] i2c /dev entries driver
[    2.031693] device-mapper: uevent: version 1.0.3
[    2.037850] device-mapper: ioctl: 4.37.0-ioctl (2017-09-20) initialised: dm-devel@redhat.com
[    2.047720] ledtrig-cpu: registered to indicate activity on CPUs
[    2.057041] NET: Registered protocol family 10
[    2.146528] Segment Routing with IPv6
[    2.151051] NET: Registered protocol family 17
[    2.156821] Key type dns_resolver registered
[    2.162186] mce: Using 0 MCE banks
[    2.166134] RAS: Correctable Errors collector initialized.
[    2.171828] sched_clock: Marking stable (2171738511, 0)->(2970870491, -799131980)
[    2.183551] registered taskstats version 1
[    2.187914] Loading compiled-in X.509 certificates
[    2.199400] Loaded X.509 cert 'Build time autogenerated kernel key: b5b26778eaa3ab3a4a6cee031137706e947d12ad'
[    2.210477] Loaded X.509 cert 'Canonical Ltd. Live Patch Signing: 14df34d1a87cf37625abec039ef2bf521249b969'
[    2.220514] Loaded X.509 cert 'Canonical Ltd. Kernel Module Signing: 88f752e560a1e0737e31163a466ad7b70a850c19'
[    2.231049] blacklist: Loading compiled-in revocation X.509 certificates
[    2.238218] Loaded X.509 cert 'Canonical Ltd. Secure Boot Signing: 61482aa2830d0ab2ad5af10b7250da9033ddcef0'
[    2.248224] Loaded X.509 cert 'Canonical Ltd. Secure Boot Signing (2017): 242ade75ac4a15e50d50c84b0d45ff3eae707a03'
[    2.257814] Loaded X.509 cert 'Canonical Ltd. Secure Boot Signing (ESM 2018): 365188c1d374d6b07c3c8f240f8ef722433d6a8b'
[    2.267690] Loaded X.509 cert 'Canonical Ltd. Secure Boot Signing (2019): c0746fd6c5da3ae827864651ad66ae47fe24b3e8'
[    2.278306] Loaded X.509 cert 'Canonical Ltd. Secure Boot Signing (2021 v1): a8d54bbb3825cfb94fa13c9f8a594a195c107b8d'
[    2.288955] Loaded X.509 cert 'Canonical Ltd. Secure Boot Signing (2021 v2): 4cf046892d6fd3c9a5b03f98d845f90851dc6a8c'
[    2.300135] Loaded X.509 cert 'Canonical Ltd. Secure Boot Signing (2021 v3): 100437bb6de6e469b581e61cd66bce3ef4ed53af'
[    2.310729] Loaded X.509 cert 'Canonical Ltd. Secure Boot Signing (Ubuntu Core 2019): c1d57b8f6b743f23ee41f4f7ee292f06eecadfb9'
[    2.323097] zswap: loaded using pool lzo/zbud
[    2.339248] Key type big_key registered
[    2.343529] Key type trusted registered
[    2.352431] Key type encrypted registered
[    2.356770] AppArmor: AppArmor sha1 policy hashing enabled
[    2.362725] ima: No TPM chip found, activating TPM-bypass! (rc=-19)
[    2.368797] ima: Allocated hash algorithm: sha1
[    2.373696] evm: HMAC attrs: 0x1
[    2.378148]   Magic number: 1:609:890
[    2.383073] rtc_cmos rtc_cmos: setting system clock to 2025-03-24 14:53:51 UTC (1742828031)
[    2.392961] BIOS EDD facility v0.16 2004-Jun-25, 0 devices found
[    2.399401] EDD information not available.
[    2.407399] Freeing unused kernel image memory: 2480K
[    2.428342] Write protecting the kernel read-only data: 20480k
[    2.435154] Freeing unused kernel image memory: 2008K
[    2.440739] Freeing unused kernel image memory: 1820K
[    2.450195] x86/mm: Checked W+X mappings: passed, no W+X pages found.
Loading, please wait...
starting version 237
[    2.542558] Fusion MPT base driver 3.04.20
[    2.542625] e1000: Intel(R) PRO/1000 Network Driver - version 7.3.21-k8-NAPI
[    2.547583] Copyright (c) 1999-2008 LSI Corporation
[    2.556648] e1000: Copyright (c) 1999-2006 Intel Corporation.
[    2.595484] Fusion MPT SPI Host driver 3.04.20
[    2.627019] SSE version of gcm_enc/dec engaged.
[    2.865406] input: ImExPS/2 Generic Explorer Mouse as /devices/platform/i8042/serio1/input/input4
[    3.549906] e1000 0000:00:03.0 eth0: (PCI:33MHz:32-bit) 02:3b:7b:b7:3b:2d
[    3.556762] e1000 0000:00:03.0 eth0: Intel(R) PRO/1000 Network Connection
[    3.567345] e1000 0000:00:03.0 enp0s3: renamed from eth0
[    3.573227] mptbase: ioc0: Initiating bringup
[    3.690869] ioc0: LSI53C1030 A0: Capabilities={Initiator}
[    3.950144] scsi host2: ioc0: LSI53C1030 A0, FwRev=00000000h, Ports=1, MaxQ=256, IRQ=20
[    4.125759] scsi 2:0:0:0: Direct-Access     VBOX     HARDDISK         1.0  PQ: 0 ANSI: 5
[    4.164528] scsi target2:0:0: Beginning Domain Validation
[    4.175507] scsi target2:0:0: Domain Validation skipping write tests
[    4.181524] scsi target2:0:0: Ending Domain Validation
[    4.187247] scsi target2:0:0: asynchronous
[    4.193743] scsi 2:0:1:0: Direct-Access     VBOX     HARDDISK         1.0  PQ: 0 ANSI: 5
[    4.252672] scsi target2:0:1: Beginning Domain Validation
[    4.263482] scsi target2:0:1: Domain Validation skipping write tests
[    4.269430] scsi target2:0:1: Ending Domain Validation
[    4.275273] scsi target2:0:1: asynchronous
[    4.291240] sd 2:0:0:0: Attached scsi generic sg0 type 0
[    4.297077] sd 2:0:0:0: [sda] 83886080 512-byte logical blocks: (42.9 GB/40.0 GiB)
[    4.301721] sd 2:0:1:0: [sdb] 20480 512-byte logical blocks: (10.5 MB/10.0 MiB)
[    4.306639] sd 2:0:1:0: Attached scsi generic sg1 type 0
[    4.316580] sd 2:0:0:0: [sda] Write Protect is off
[    4.322758] sd 2:0:1:0: [sdb] Write Protect is off
[    4.337341] sd 2:0:1:0: [sdb] Incomplete mode parameter data
[    4.337711] sd 2:0:0:0: [sda] Incomplete mode parameter data
[    4.344780] sd 2:0:1:0: [sdb] Assuming drive cache: write through
[    4.357677] sd 2:0:0:0: [sda] Assuming drive cache: write through
[    4.370812]  sda: sda1
[    4.377451] sd 2:0:0:0: [sda] Attached SCSI disk
[    4.382483] sd 2:0:1:0: [sdb] Attached SCSI disk
Begin: Loading essential drivers ... [    6.056747] raid6: sse2x1   gen()  5975 MB/s
[    6.108200] raid6: sse2x1   xor() 10104 MB/s
[    6.160121] raid6: sse2x2   gen() 10302 MB/s
[    6.212179] raid6: sse2x2   xor() 11995 MB/s
[    6.264641] raid6: sse2x4   gen() 18404 MB/s
[    6.316795] raid6: sse2x4   xor()  5333 MB/s
[    6.321447] raid6: using algorithm sse2x4 gen() 18404 MB/s
[    6.326694] raid6: .... xor() 5333 MB/s, rmw enabled
[    6.331896] raid6: using ssse3x2 recovery algorithm
[    6.338834] xor: measuring software checksum speed
[    6.380110]    prefetch64-sse: 20954.000 MB/sec
[    6.424690]    generic_sse: 17094.000 MB/sec
[    6.428775] xor: using function: prefetch64-sse (20954.000 MB/sec)
[    6.437621] async_tx: api initialized (async)
done.
Begin: Running /scripts/init-premount ... done.
Begin: Mounting root file system ... Begin: Running /scripts/local-top ... done.
Begin: Running /scripts/local-premount ... [    6.502510] Btrfs loaded, crc32c=crc32c-intel
Scanning for Btrfs filesystems
done.
Warning: fsck not present, so skipping root file system
[    6.561986] EXT4-fs (sda1): mounted filesystem with ordered data mode. Opts: (null)
done.
Begin: Running /scripts/local-bottom ... done.
Begin: Running /scripts/init-bottom ... done.
[    6.793594] ip_tables: (C) 2000-2006 Netfilter Core Team
[    6.817823] systemd[1]: systemd 237 running in system mode. (+PAM +AUDIT +SELINUX +IMA +APPARMOR +SMACK +SYSVINIT +UTMP +LIBCRYPTSETUP +GCRYPT +GNUTLS +ACL +XZ +LZ4 +SECCOMP +BLKID +ELFUTILS +KMOD -IDN2 +IDN -PCRE2 default-hierarchy=hybrid)
[    6.840641] systemd[1]: Detected virtualization oracle.
[    6.846790] systemd[1]: Detected architecture x86-64.

Welcome to [1mUbuntu 18.04.6 LTS[0m!

[    6.887671] systemd[1]: Set hostname to <ubuntu>.
[    6.899628] systemd[1]: Initializing machine ID from random generator.
[    6.906181] systemd[1]: Installed transient /etc/machine-id file.
[    7.251045] systemd[1]: Created slice User and Session Slice.
[[0;32m  OK  [0m] Created slice User and Session Slice.
[    7.259772] systemd[1]: Reached target Swap.
[[0;32m  OK  [0m] Reached target Swap.
[    7.266115] systemd[1]: Reached target User and Group Name Lookups.
[[0;32m  OK  [0m] Reached target User and Group Name Lookups.
[    7.274617] systemd[1]: Started Forward Password Requests to Wall Directory Watch.
[[0;32m  OK  [0m] Started Forward Password Requests to Wall Directory Watch.
[[0;32m  OK  [0m] Created slice System Slice.
[[0;32m  OK  [0m] Listening on Journal Audit Socket.
[[0;32m  OK  [0m] Listening on LVM2 poll daemon socket.
[[0;32m  OK  [0m] Listening on Device-mapper event daemon FIFOs.
[[0;32m  OK  [0m] Listening on Journal Socket (/dev/log).
[[0;32m  OK  [0m] Created slice system-serial\x2dgetty.slice.
[[0;32m  OK  [0m] Listening on fsck to fsckd communication Socket.
[[0;32m  OK  [0m] Listening on udev Kernel Socket.
[[0;32m  OK  [0m] Listening on Journal Socket.
         Starting Create list of required st…ce nodes for the current kernel...
         Starting File System Check on Root Device...
[[0;32m  OK  [0m] Listening on /dev/initctl Compatibility Named Pipe.
         Mounting POSIX Message Queue File System...
[[0;32m  OK  [0m] Listening on LVM2 metadata daemon socket.
         Starting Monitoring of LVM2 mirrors…ng dmeventd or progress polling...
         Starting Load Kernel Modules...
         Mounting Kernel Debug File System...
[[0;32m  OK  [0m] Listening on udev Control Socket.
         Starting udev Coldplug all Devices...
         Mounting Huge Pages File System...
[[0;32m  OK  [0m] Set up automount Arbitrary Executab…rmats File System Automount Point.
[[0;32m  OK  [0m] Reached target System Time Synchronized.
         Starting Uncomplicated firewall...
[[0;32m  OK  [0m] Listening on Network Service Netlink Socket.
         Starting Set the console keyboard layout...
[[0;32m  OK  [0m] Listening on Syslog Socket.
         Starting Journal Service...
[[0;32m  OK  [0m] Reached target Mounting snaps.
[    7.463436] Loading iSCSI transport class v2.0-870.
[[0;32m  OK  [0m] Reached target Mounted snaps.
[[0;32m  OK  [0m] Reached target Slices.
[[0;32m  OK  [0m] Started Create list of required sta…vice nodes for the current kernel.
[[0;32m  OK  [0m] Started File System Check on Root Device.
[[0;32m  OK  [0m] Mounted POSIX Message Queue File System.
[[0;32m  OK  [0m] Mounted Kernel Debug File System.
[[0;32m  OK  [0m] Mounted Huge Pages File System.
[[0;32m  OK  [0m] Started Uncomplicated firewall.
[[0;32m  OK  [0m] Started File System Check Daemon to report status.
[[0;32m  OK  [0m] Started LVM2 metadata daemon.
         Starting Remount Root and Kernel File Systems...
         Starting Create Static Device Nodes in /dev...
[[0;32m  OK  [0m] Started Journal Service.
[[0;32m  OK  [0m] Started udev Coldplug all Devices.
[[0;32m  OK  [0m] [    7.611357] iscsi: registered transport (tcp)
Started Create Static Device Nodes in /dev.
[    7.634078] EXT4-fs (sda1): re-mounted. Opts: (null)
[[0;32m  OK  [0m] Started Remount Root and Kernel File Systems.
[    7.681847] iscsi: registered transport (iser)
         Starting udev Kernel Device Manager...
         Starting Load/Save Random Seed...
         Starting Flush Journal to Persistent Storage...
[[0;32m  OK  [0m] Started Monitoring of LVM2 mirrors,…sing dmeventd or progress polling.
[[0;32m  OK  [0m] Started Load Kernel Modules.
[[0;32m  OK  [0m] Started Load/Save Random Seed.
         Starting Apply Kernel Variables...
         Mounting FUSE Control File System...
         Mounting Kernel Configuration File System...
[[0;32m  OK  [0m] Mounted FUSE Control File System.
[[0;32m  OK  [0m] Mounted Kernel Configuration File System.
[[0;32m  OK  [0m] Started udev Kernel Device Manager.
[    7.801699] systemd-journald[411]: Received request to flush runtime journal from PID 1
[[0;32m  OK  [0m] Started Apply Kernel Variables.
[[0;32m  OK  [0m] Started Flush Journal to Persistent Storage.
[[0;32m  OK  [0m] Started Set the console keyboard layout.
[[0;32m  OK  [0m] Started Dispatch Password Requests to Console Directory Watch.
[[0;32m  OK  [0m] Reached target Local Encrypted Volumes.
[[0;32m  OK  [0m] Reached target Local File Systems (Pre).
[[0;32m  OK  [0m] Reached target Local File Systems.
         Starting AppArmor initialization...
         Starting Set console font and keymap...
         Starting Create Volatile Files and Directories...
         Starting Commit a transient machine-id on disk...
         Starting Tell Plymouth To Write Out Runtime Data...
         Starting ebtables ruleset management...
[[0;32m  OK  [0m] Found device /dev/ttyS0.
[[0;32m  OK  [0m] Started Create Volatile Files and Directories.
         Starting Update UTMP about System Boot/Shutdown...
[[0;32m  OK  [0m] Started Tell Plymouth To Write Out Runtime Data.
[[0;32m  OK  [0m] Started Update UTMP about System Boot/Shutdown.
[[0;32m  OK  [0m] Listening on Load/Save RF Kill Switch Status /dev/rfkill Watch.
[[0;32m  OK  [0m] Started Commit a transient machine-id on disk.
[[0;32m  OK  [0m] Started ebtables ruleset management.
         Mounting Arbitrary Executable File Formats File System...
[[0;32m  OK  [0m] Mounted Arbitrary Executable File Formats File System.
[[0;32m  OK  [0m] Started AppArmor initialization.
         Starting Load AppArmor profiles managed internally by snapd...
         Starting Initial cloud-init job (pre-networking)...
[[0;32m  OK  [0m] Started Load AppArmor profiles managed internally by snapd.
[[0;32m  OK  [0m] Started Set console font and keymap.
[   11.666686] cloud-init[767]: Cloud-init v. 23.1.2-0ubuntu0~18.04.1 running 'init-local' at Mon, 24 Mar 2025 14:54:00 +0000. Up 11.31 seconds.
[[0;32m  OK  [0m] Started Initial cloud-init job (pre-networking).
[[0;32m  OK  [0m] Reached target Network (Pre).
         Starting Network Service...
[[0;32m  OK  [0m] Started Network Service.
         Starting Wait for Network to be Configured...
         Starting Network Name Resolution...
[[0;32m  OK  [0m] Started Network Name Resolution.
[[0;32m  OK  [0m] Reached target Network.
[[0;32m  OK  [0m] Reached target Host and Network Name Lookups.
[[0;32m  OK  [0m] Started Wait for Network to be Configured.
         Starting Initial cloud-init job (metadata service crawler)...
[   13.744723] cloud-init[916]: Cloud-init v. 23.1.2-0ubuntu0~18.04.1 running 'init' at Mon, 24 Mar 2025 14:54:02 +0000. Up 13.63 seconds.
[   13.754674] cloud-init[916]: ci-info: ++++++++++++++++++++++++++++++++++++++Net device info++++++++++++++++++++++++++++++++++++++
[   13.762525] cloud-init[916]: ci-info: +--------+------+----------------------------+---------------+--------+-------------------+
[   13.771108] cloud-init[916]: ci-info: | Device |  Up  |          Address           |      Mask     | Scope  |     Hw-Address    |
[   13.779908] cloud-init[916]: ci-info: +--------+------+----------------------------+---------------+--------+-------------------+
[   13.788548] cloud-init[916]: ci-info: | enp0s3 | True |         10.0.2.15          | 255.255.255.0 | global | 02:3b:7b:b7:3b:2d |
[   13.798263] cloud-init[916]: ci-info: | enp0s3 | True | fd00::3b:7bff:feb7:3b2d/64 |       .       | global | 02:3b:7b:b7:3b:2d |
[   13.806396] cloud-init[916]: ci-info: | enp0s3 | True | fe80::3b:7bff:feb7:3b2d/64 |       .       |  link  | 02:3b:7b:b7:3b:2d |
[   13.814885] cloud-init[916]: ci-info: |   lo   | True |         127.0.0.1          |   255.0.0.0   |  host  |         .         |
[   13.823169] cloud-init[916]: ci-info: |   lo   | True |          ::1/128           |       .       |  host  |         .         |
[   13.838595] cloud-init[916]: ci-info: +--------+------+----------------------------+---------------+--------+-------------------+
[   13.846931] cloud-init[916]: ci-info: ++++++++++++++++++++++++++++Route IPv4 info+++++++++++++++++++++++++++++
[   13.854517] cloud-init[916]: ci-info: +-------+-------------+----------+-----------------+-----------+-------+
[   13.862293] cloud-init[916]: ci-info: | Route | Destination | Gateway  |     Genmask     | Interface | Flags |
[   13.870606] cloud-init[916]: ci-info: +-------+-------------+----------+-----------------+-----------+-------+
[   13.877058] cloud-init[916]: ci-info: |   0   |   0.0.0.0   | 10.0.2.2 |     0.0.0.0     |   enp0s3  |   UG  |
[   13.884703] cloud-init[916]: ci-info: |   1   |   10.0.2.0  | 0.0.0.0  |  255.255.255.0  |   enp0s3  |   U   |
[   13.892610] cloud-init[916]: ci-info: |   2   |   10.0.2.2  | 0.0.0.0  | 255.255.255.255 |   enp0s3  |   UH  |
[   13.900271] cloud-init[916]: ci-info: +-------+-------------+----------+-----------------+-----------+-------+
[   13.905961] cloud-init[916]: ci-info: +++++++++++++++++++Route IPv6 info+++++++++++++++++++
[   13.914178] cloud-init[916]: ci-info: +-------+-------------+---------+-----------+-------+
[   13.922896] cloud-init[916]: ci-info: | Route | Destination | Gateway | Interface | Flags |
[   13.931205] cloud-init[916]: ci-info: +-------+-------------+---------+-----------+-------+
[   13.940688] cloud-init[916]: ci-info: |   1   |  fd00::/64  |    ::   |   enp0s3  |   U   |
[   13.949389] cloud-init[916]: ci-info: |   2   |  fe80::/64  |    ::   |   enp0s3  |   U   |
[   13.957764] cloud-init[916]: ci-info: |   3   |     ::/0    | fe80::2 |   enp0s3  |   UG  |
[   13.965904] cloud-init[916]: ci-info: |   5   |    local    |    ::   |   enp0s3  |   U   |
[   13.977073] cloud-init[916]: ci-info: |   6   |   ff00::/8  |    ::   |   enp0s3  |   U   |
[   13.986062] cloud-init[916]: ci-info: +-------+-------------+---------+-----------+-------+
[   14.710102] cloud-init[916]: Generating public/private rsa key pair.
[   14.716497] cloud-init[916]: Your identification has been saved in /etc/ssh/ssh_host_rsa_key.
[   14.723422] cloud-init[916]: Your public key has been saved in /etc/ssh/ssh_host_rsa_key.pub.
[   14.730927] cloud-init[916]: The key fingerprint is:
[   14.736803] cloud-init[916]: SHA256:Z4RgtGAup2x6Uk/iXQsF1Q6bsO6mVOdWBXzpOtAk6hc root@ubuntu-bionic
[   14.744021] cloud-init[916]: The key's randomart image is:
[   14.750386] cloud-init[916]: +---[RSA 2048]----+
[   14.755981] cloud-init[916]: |    +o=o.  .     |
[   14.761601] cloud-init[916]: |   o.+oo+oo      |
[   14.767220] cloud-init[916]: |  . o+oO.oo      |
[   14.772966] cloud-init[916]: | . +o.E oo.      |
[   14.778769] cloud-init[916]: |  *o+ ooS.o      |
[   14.784081] [[0;32m  OK  [0m] Started Initial cloud-init job (metadata service crawler).
[[0;32m  OK  [0m] Reached target Network is Online.
         Starting Availability of block devices...
[[0;32m  OK  [0m] Reached target Remote File Systems (Pre).
[[0;32m  OK  [0m] Reached target Remote File Systems.
[[0;32m  OK  [0m] Reached target System Initialization.
[[0;32m  OK  [0m] Listening on ACPID Listen Socket.
[[0;32m  OK  [0m] Started Ubuntu Advantage Timer for running repeated jobs.
[[0;32m  OK  [0m] Listening on D-Bus System Message Bus Socket.
[[0;32m  OK  [0m] Listening on cloud-init hotplug hook socket.
[[0;32m  OK  [0m] Listening on Open-iSCSI iscsid Socket.
[[0;32m  OK  [0m] Started Daily Cleanup of Temporary Directories.
         Starting Socket activation for snappy daemon.
[[0;32m  OK  [0m] Started Message of the Day.
         Starting LXD - unix socket.
[[0;32m  OK  [0m] Started ACPI Events Check.
[[0;32m  OK  [0m] Reached target Paths.
[[0;32m  OK  [0m] Listening on UUID daemon activation socket.
[[0;32m  OK  [0m] Started Daily apt download activities.
[[0;32m  OK  [0m] Started Daily apt upgrade and clean activities.
[[0;32m  OK  [0m] Started Discard unused blocks once a week.
[[0;32m  OK  [0m] Reached target Timers.
[[0;32m  OK  [0m] Reached target Cloud-config availability.
[[0;32m  OK  [0m] Started Availability of block devices.
[[0;32m  OK  [0m] Listening on LXD - unix socket.
[[0;32m  OK  [0m] Listening on Socket activation for snappy daemon.
[[0;32m  OK  [0m] Reached target Sockets.
[[0;32m  OK  [0m] Reached target Basic System.
[[0;32m  OK  [0m] Started D-Bus System Message Bus.
cloud-init[916]: | = *o=.ooo       |
[   14.851504] cloud-init[916]: |o +.o.+  .       |
[   14.857848] cloud-init[916]: | +  o.           |
[   14.864588] cloud-init[916]: |  .o             |
[   14.872812] cloud-init[916]: +----[SHA256]-----+
[   14.879348] cloud-init[916]: Generating public/private dsa key pair.
         Starting Virtualbox guest utils...
         Starting Accounts Service...
         Starting LSB: automatic crash report generation...
[   14.887363] cloud-init         Starting Pollinate to seed the pseudo random number generator...
         Starting LSB: Record successful boot for GRUB...
[[0;32m  OK  [0m] Reached target Login Prompts (Pre).
[[0;32m  OK  [0m] Started irqbalance daemon.
[[0;32m  OK  [0m] Started FUSE filesystem for LXC.
         Starting System Logging Service...
[916]: Your identification has been saved in /etc/ssh/ssh_host_dsa_key.         Starting Login Service...

[   14.931455] [[0;32m  OK  [0m] Started Deferred execution scheduler.
         Starting Permit User Sessions...
cloud-init[916]: Your public key has been saved in /etc/ssh/ssh_host_dsa_key.pub.
[   14.969800] cloud-init[916]: The key fingerprint is:
[   14.982292] cloud-init[916]: SHA256:texyHDPg1vb0O6AgDdxJFL65huYG81nPOx5rPf69huA root@ubuntu-bionic
[   14.994602] cloud-init[916]: The key's randomart image is:
[   15.001778] cloud-init[916]: +---[DSA 1024]----+
[   15.010470] cloud-init[916]: |       .o.       |
[   15.017033] cloud-init[916]: |       ..        |
[   15.025254] cloud-init[916]: |     . oo..      |
[   15.031915] cloud-init[916]: |      o.oB .     |
[   15.038627]          Starting Dispatcher daemon for systemd-networkd...
cloud-init[916]: |       oS O .    |
[   15.045156] cloud-init[916]: |    o .o+= B..   |
[   15.048638] cloud-init[916]: |     +o+++*oo.o  |
[   15.052673] cloud-init[916]: |     o+. o*Eo..+ |
[   15.054949] cloud-init[916]: |     ..  o++.o+oo|
[   15.057043] cloud-init[916]: +----[SHA256]-----+
[   15.058964] cloud-init[916]: Generating public/private ecdsa key pair.
[   15.062003] cloud-init[916]: Your identification has been saved in /etc/ssh/ssh_host_ecdsa_key.
[   15.065362] cloud-init[916]: Your public key has been saved in /etc/ssh/ssh_host_ecdsa_key.pub.
[   15.069410] cloud-init[916]: The key fingerprint is:
[   15.072940] cloud-init[916]: SHA256:R34n7wP/PZZ7zhX47gXgB+PMlQ3n/4OMwGRJQ4Il1pk root@ubuntu-bionic
[   15.077245] cloud-init[916]: The key's randomart image is:
[   15.080174] cloud-init[916]: +---[ECDSA 256]---+
[   15.082684] cloud-init[916]: |     o+o++    . .|
[   15.085173] cloud-init[916]: |    ...Eo o    * |
[   15.088196] cloud-init[916]: |         +. + o o|
[   15.091280] cloud-init[916]: |        +o = =. .|
[   15.094208] cloud-init[916]: |        Soo B.+..|
[   15.096632] cloud-init[916]: |         ...+=o.o|
[   15.098975] cloud-init[916]: |           . =.o=|
[   15.101329] cloud-init[916]: |             .+=*|
[[0;32m  OK  [0m] Started Regular background program processing daemon.
[   15.113075] cloud-init         Starting LXD - container startup/shutdown...
[916]: |              +BO|
[   15.124969] cloud-init[916]: +----[SHA256]-----+
[   15.137487] cloud-init[916]: Generating public/private ed25519 key pair.
[   15.149583] cloud-init[916]: Your identification has been saved in /etc/ssh/ssh_host_ed25519_key.
[   15.165407] cloud-init[916]: Your public key has been saved in /etc/ssh/ssh_host_ed25519_key.pub.
[   15.172561]          Starting Snap Daemon...
[[0;32m  OK  [0m] Started System Logging Service.
[[0;32m  OK  [0m] Started Permit User Sessions.
cloud-init[916]: The key fingerprint is:
[   15.196629] cloud-init[916]: SHA256:2b0l3ly7+d84BE6Y46mfJRPAHAwjzyo7Vp59YNdGpqg root@ubuntu-bionic
[   15.216441] cloud-init[916]: The key's randomart image is:
[   15.224585] cloud-init[916]: +--[ED25519 256]--+
[   15.229350] cloud-init[916]: |    . oo.        |
[   15.238837] cloud-init[916]: |     + +..       |
[   15.246196] cloud-init[916]: |      o + oo     |
[   15.252609] cloud-init[916]: |     . . O+.o    |
[   15.258112] cloud-init[916]: |  . o + S.==o.. .|
[   15.263076] cloud-init[916]: |   = = o .oo.*...|
[   15.267560] cloud-init[916]: |  + E . ..o +.o. |
[   15.273545] cloud-init[916]: | . .   ..  =  ..+|
[   15.281036] cloud-init[916]: |         .o   .+*|
[   15.288687] cloud-init[916]: +----[SHA256]-----+
[[0;32m  OK  [0m] Started Login Service.
         Starting Authorization Manager...
[[0;32m  OK  [0m] Started Unattended Upgrades Shutdown.
         Starting Hostname Service...
         Starting Terminate Plymouth Boot Screen...
         Starting Hold until boot process finishes up...
[[0;32m  OK  [0m] Started LSB: automatic crash report generation.
[[0;32m  OK  [0m] Started LSB: Record successful boot for GRUB.
[[0;32m  OK  [0m] Started Terminate Plymouth Boot Screen.
[[0;32m  OK  [0m] Started Hold until boot process finishes up.
[[0;32m  OK  [0m] Started Serial Getty on ttyS0.
         Starting Set console scheme...
[[0;32m  OK  [0m] Started Set console scheme.
[[0;32m  OK  [0m] Created slice system-getty.slice.
[[0;32m  OK  [0m] Started Getty on tty1.
[[0;32m  OK  [0m] Reached target Login Prompts.
[[0;32m  OK  [0m] Started Authorization Manager.
[[0;32m  OK  [0m] Started Accounts Service.
[[0;32m  OK  [0m] Started Hostname Service.
[[0;32m  OK  [0m] Started LXD - container startup/shutdown.
[[0;32m  OK  [0m] Started Virtualbox guest utils.
[[0;32m  OK  [0m] Started Dispatcher daemon for systemd-networkd.
[[0;32m  OK  [0m] Started Snap Daemon.
         Starting Wait until snapd is fully seeded...
[[0;32m  OK  [0m] Started Pollinate to seed the pseudo random number generator.
         Starting OpenBSD Secure Shell server...
[[0;32m  OK  [0m] Started OpenBSD Secure Shell server.
         Starting Time & Date Service...
[[0;32m  OK  [0m] Started Time & Date Service.
[[0;32m  OK  [0m] Created slice User Slice of vagrant.
         Starting User Manager for UID 1000...
[[0;32m  OK  [0m] Started Session 1 of user vagrant.
[[0;32m  OK  [0m] Started User Manager for UID 1000.
[[0;32m  OK  [0m] Started Wait until snapd is fully seeded.
         Starting Apply the settings specified in cloud-config...
[   20.730583] cloud-init[1508]: Cloud-init v. 23.1.2-0ubuntu0~18.04.1 running 'modules:config' at Mon, 24 Mar 2025 14:54:09 +0000. Up 19.88 seconds.
ci-info: no authorized SSH keys fingerprints found for user ubuntu.
<14>Mar 24 14:54:10 cloud-init: #############################################################
<14>Mar 24 14:54:10 cloud-init: -----BEGIN SSH HOST KEY FINGERPRINTS-----
<14>Mar 24 14:54:10 cloud-init: 1024 SHA256:texyHDPg1vb0O6AgDdxJFL65huYG81nPOx5rPf69huA root@ubuntu-bionic (DSA)
<14>Mar 24 14:54:10 cloud-init: 256 SHA256:R34n7wP/PZZ7zhX47gXgB+PMlQ3n/4OMwGRJQ4Il1pk root@ubuntu-bionic (ECDSA)
<14>Mar 24 14:54:10 cloud-init: 256 SHA256:2b0l3ly7+d84BE6Y46mfJRPAHAwjzyo7Vp59YNdGpqg root@ubuntu-bionic (ED25519)
<14>Mar 24 14:54:10 cloud-init: 2048 SHA256:Z4RgtGAup2x6Uk/iXQsF1Q6bsO6mVOdWBXzpOtAk6hc root@ubuntu-bionic (RSA)
<14>Mar 24 14:54:10 cloud-init: -----END SSH HOST KEY FINGERPRINTS-----
<14>Mar 24 14:54:10 cloud-init: #############################################################
-----BEGIN SSH HOST KEY KEYS-----
ecdsa-sha2-nistp256 AAAAE2VjZHNhLXNoYTItbmlzdHAyNTYAAAAIbmlzdHAyNTYAAABBBOkoCoDhWIwNw3ZmQQOxVwzziskfq/HxVE1ar6s22gSuhES8K5kRBUxpHdV0anIdLIeGsH5KZalTXqkXudteb+0= root@ubuntu-bionic
ssh-ed25519 AAAAC3NzaC1lZDI1NTE5AAAAIDx/PDRVM/dHzzp7FBjoX7Zmp1IE5DkCLF+TJ8NM5Yfq root@ubuntu-bionic
ssh-rsa AAAAB3NzaC1yc2EAAAADAQABAAABAQC/iI1ImRZqKmVZXOHqXuF+Ifx6xXblkkHaViPODJXqoEpPupg7vMKMp6XnPtPP+Cycg72cLGwQDrEdzttkv5vMeIwOOk0M8ljkuruBEpTAWWp0pIpeJwOWTwGo6BkH8jZ+FhVSPvUE88V203v7/UOYqfqawngl+03qbHftwHXGzwK4B9vFdnE9a9FtTDDjz4NhVHnasHajOP5lma4yvZutUmNA4IkhkbLlikEoV9ZdYZt+Y9bNdggzo5AgM8fZtAbDBaeXc1FZqSbH8H9d3mqAD/qmYX4mBc0c3t6byHPA9daldrc09yCSmaty2m90akCYB8uMB2yRiPRMd8QL5kzV root@ubuntu-bionic
-----END SSH HOST KEY KEYS-----
[   21.513267] cloud-init[1650]: Cloud-init v. 23.1.2-0ubuntu0~18.04.1 running 'modules:final' at Mon, 24 Mar 2025 14:54:10 +0000. Up 21.26 seconds.
[   21.513447] cloud-init[1650]: Cloud-init v. 23.1.2-0ubuntu0~18.04.1 finished at Mon, 24 Mar 2025 14:54:10 +0000. Datasource DataSourceNoCloud [seed=/dev/sdb][dsmode=net].  Up 21.50 seconds

Ubuntu 18.04.6 LTS ubuntu-bionic ttyS0

ubuntu-bionic login: [57693.986225] watchdog: BUG: soft lockup - CPU#1 stuck for 21997s! [kworker/dying:17]
[57693.986420] INFO: rcu_sched self-detected stall on CPU
[57694.014011] 	0-...!: (1 ticks this GP) idle=a2e/140000000000001/0 softirq=30507/30507 fqs=0 
[57694.023063] 	 (t=407241 jiffies g=9630 c=9629 q=18)
[57694.029426] rcu_sched kthread starved for 407241 jiffies! g9630 c9629 f0x0 RCU_GP_WAIT_FQS(3) ->state=0x402 ->cpu=0
[57694.078350] INFO: rcu_sched self-detected stall on CPU
[57694.090996] 	1-...!: (1 GPs behind) idle=61e/140000000000001/0 softirq=32918/32919 fqs=0 
[57694.091106] INFO: rcu_sched self-detected stall on CPU
[57694.113250] 	 (t=5904843 jiffies g=9630 c=9629 q=18)
[57694.126963] 	0-...!: (2 ticks this GP) idle=a2e/140000000000001/0 softirq=30507/30507 fqs=0 
[57694.126966] 	 (t=5904843 jiffies g=9630 c=9629 q=18)
[57694.146304] rcu_sched kthread starved for 5904843 jiffies! g9630 c9629 f0x0 RCU_GP_WAIT_FQS(3) ->state=0x0 ->cpu=0
[57694.163861] rcu_sched kthread starved for 5904843 jiffies! g9630 c9629 f0x0 RCU_GP_WAIT_FQS(3) ->state=0x0 ->cpu=0
